2023-11-08 10:02:28.722  INFO 6958 --- [restartedMain] com.nineleaps.leaps.LeapsApplication     : Starting LeapsApplication using Java 20.0.2.1 on nineleaps-ThinkPad-L14-Gen-3 with PID 6958 (/home/nineleaps/Desktop/nineleaps/target/classes started by nineleaps in /home/nineleaps/Desktop/nineleaps)
2023-11-08 10:02:28.724  INFO 6958 --- [restartedMain] com.nineleaps.leaps.LeapsApplication     : The following 1 profile is active: "dev"
2023-11-08 10:02:29.953  INFO 6958 --- [restartedMain] o.apache.catalina.core.StandardService   : Starting service [Tomcat]
2023-11-08 10:02:29.953  INFO 6958 --- [restartedMain] org.apache.catalina.core.StandardEngine  : Starting Servlet engine: [Apache Tomcat/9.0.73]
2023-11-08 10:02:29.987  INFO 6958 --- [restartedMain] o.a.c.c.C.[Tomcat].[localhost].[/]       : Initializing Spring embedded WebApplicationContext
2023-11-08 10:02:30.294  INFO 6958 --- [restartedMain] com.zaxxer.hikari.HikariDataSource       : HikariPool-1 - Starting...
2023-11-08 10:02:30.376  INFO 6958 --- [restartedMain] com.zaxxer.hikari.HikariDataSource       : HikariPool-1 - Start completed.
2023-11-08 10:02:31.594  INFO 6958 --- [restartedMain] c.n.l.s.implementation.FCMInitializer    : Firebase application has been initialized
2023-11-08 10:02:32.697  INFO 6958 --- [restartedMain] com.nineleaps.leaps.LeapsApplication     : Started LeapsApplication in 4.327 seconds (JVM running for 4.981)
2023-11-08 10:02:39.193  INFO 6958 --- [http-nio-8080-exec-1] o.a.c.c.C.[Tomcat].[localhost].[/]       : Initializing Spring DispatcherServlet 'dispatcherServlet'
2023-11-08 10:05:37.152  INFO 6958 --- [SpringApplicationShutdownHook] com.zaxxer.hikari.HikariDataSource       : HikariPool-1 - Shutdown initiated...
2023-11-08 10:05:37.158  INFO 6958 --- [SpringApplicationShutdownHook] com.zaxxer.hikari.HikariDataSource       : HikariPool-1 - Shutdown completed.
2023-11-08 10:05:40.163  INFO 8219 --- [restartedMain] com.nineleaps.leaps.LeapsApplication     : Starting LeapsApplication using Java 20.0.2.1 on nineleaps-ThinkPad-L14-Gen-3 with PID 8219 (/home/nineleaps/Desktop/nineleaps/target/classes started by nineleaps in /home/nineleaps/Desktop/nineleaps)
2023-11-08 10:05:40.164  INFO 8219 --- [restartedMain] com.nineleaps.leaps.LeapsApplication     : The following 1 profile is active: "dev"
2023-11-08 10:05:41.050  INFO 8219 --- [restartedMain] o.apache.catalina.core.StandardService   : Starting service [Tomcat]
2023-11-08 10:05:41.050  INFO 8219 --- [restartedMain] org.apache.catalina.core.StandardEngine  : Starting Servlet engine: [Apache Tomcat/9.0.73]
2023-11-08 10:05:41.080  INFO 8219 --- [restartedMain] o.a.c.c.C.[Tomcat].[localhost].[/]       : Initializing Spring embedded WebApplicationContext
2023-11-08 10:05:41.300  INFO 8219 --- [restartedMain] com.zaxxer.hikari.HikariDataSource       : HikariPool-1 - Starting...
2023-11-08 10:05:41.365  INFO 8219 --- [restartedMain] com.zaxxer.hikari.HikariDataSource       : HikariPool-1 - Start completed.
2023-11-08 10:05:42.455  INFO 8219 --- [restartedMain] c.n.l.s.implementation.FCMInitializer    : Firebase application has been initialized
2023-11-08 10:05:43.362  INFO 8219 --- [restartedMain] com.nineleaps.leaps.LeapsApplication     : Started LeapsApplication in 3.406 seconds (JVM running for 3.752)
2023-11-08 10:05:47.229  INFO 8219 --- [http-nio-8080-exec-1] o.a.c.c.C.[Tomcat].[localhost].[/]       : Initializing Spring DispatcherServlet 'dispatcherServlet'
2023-11-08 10:06:53.821  INFO 8219 --- [Thread-5] o.apache.catalina.core.StandardService   : Stopping service [Tomcat]
2023-11-08 10:06:53.822  INFO 8219 --- [Thread-5] o.a.c.c.C.[Tomcat].[localhost].[/]       : Destroying Spring FrameworkServlet 'dispatcherServlet'
2023-11-08 10:06:53.825  WARN 8219 --- [Thread-5] o.a.c.loader.WebappClassLoaderBase       : The web application [ROOT] appears to have started a thread named [SentryHostnameCache-0] but has failed to stop it. This is very likely to create a memory leak. Stack trace of thread:
 java.base/jdk.internal.misc.Unsafe.park(Native Method)
 java.base/java.util.concurrent.locks.LockSupport.park(LockSupport.java:371)
 java.base/java.util.concurrent.locks.AbstractQueuedSynchronizer$ConditionNode.block(AbstractQueuedSynchronizer.java:519)
 java.base/java.util.concurrent.ForkJoinPool.unmanagedBlock(ForkJoinPool.java:3780)
 java.base/java.util.concurrent.ForkJoinPool.managedBlock(ForkJoinPool.java:3725)
 java.base/java.util.concurrent.locks.AbstractQueuedSynchronizer$ConditionObject.await(AbstractQueuedSynchronizer.java:1707)
 java.base/java.util.concurrent.LinkedBlockingQueue.take(LinkedBlockingQueue.java:435)
 java.base/java.util.concurrent.ThreadPoolExecutor.getTask(ThreadPoolExecutor.java:1070)
 java.base/java.util.concurrent.ThreadPoolExecutor.runWorker(ThreadPoolExecutor.java:1130)
 java.base/java.util.concurrent.ThreadPoolExecutor$Worker.run(ThreadPoolExecutor.java:642)
 java.base/java.lang.Thread.run(Thread.java:1623)
2023-11-08 10:06:53.825  WARN 8219 --- [Thread-5] o.a.c.loader.WebappClassLoaderBase       : The web application [ROOT] appears to have started a thread named [SentryAsyncConnection-0] but has failed to stop it. This is very likely to create a memory leak. Stack trace of thread:
 java.base/jdk.internal.misc.Unsafe.park(Native Method)
 java.base/java.util.concurrent.locks.LockSupport.park(LockSupport.java:371)
 java.base/java.util.concurrent.locks.AbstractQueuedSynchronizer$ConditionNode.block(AbstractQueuedSynchronizer.java:519)
 java.base/java.util.concurrent.ForkJoinPool.unmanagedBlock(ForkJoinPool.java:3780)
 java.base/java.util.concurrent.ForkJoinPool.managedBlock(ForkJoinPool.java:3725)
 java.base/java.util.concurrent.locks.AbstractQueuedSynchronizer$ConditionObject.await(AbstractQueuedSynchronizer.java:1707)
 java.base/java.util.concurrent.LinkedBlockingQueue.take(LinkedBlockingQueue.java:435)
 java.base/java.util.concurrent.ThreadPoolExecutor.getTask(ThreadPoolExecutor.java:1070)
 java.base/java.util.concurrent.ThreadPoolExecutor.runWorker(ThreadPoolExecutor.java:1130)
 java.base/java.util.concurrent.ThreadPoolExecutor$Worker.run(ThreadPoolExecutor.java:642)
 java.base/java.lang.Thread.run(Thread.java:1623)
2023-11-08 10:06:53.838  INFO 8219 --- [Thread-5] com.zaxxer.hikari.HikariDataSource       : HikariPool-1 - Shutdown initiated...
2023-11-08 10:06:53.843  INFO 8219 --- [Thread-5] com.zaxxer.hikari.HikariDataSource       : HikariPool-1 - Shutdown completed.
2023-11-08 10:06:53.937  INFO 8219 --- [restartedMain] com.nineleaps.leaps.LeapsApplication     : Starting LeapsApplication using Java 20.0.2.1 on nineleaps-ThinkPad-L14-Gen-3 with PID 8219 (/home/nineleaps/Desktop/nineleaps/target/classes started by nineleaps in /home/nineleaps/Desktop/nineleaps)
2023-11-08 10:06:53.937  INFO 8219 --- [restartedMain] com.nineleaps.leaps.LeapsApplication     : The following 1 profile is active: "dev"
2023-11-08 10:06:54.415  INFO 8219 --- [restartedMain] o.apache.catalina.core.StandardService   : Starting service [Tomcat]
2023-11-08 10:06:54.415  INFO 8219 --- [restartedMain] org.apache.catalina.core.StandardEngine  : Starting Servlet engine: [Apache Tomcat/9.0.73]
2023-11-08 10:06:54.426  INFO 8219 --- [restartedMain] o.a.c.c.C.[Tomcat].[localhost].[/]       : Initializing Spring embedded WebApplicationContext
2023-11-08 10:06:54.515  INFO 8219 --- [restartedMain] com.zaxxer.hikari.HikariDataSource       : HikariPool-2 - Starting...
2023-11-08 10:06:54.518  INFO 8219 --- [restartedMain] com.zaxxer.hikari.HikariDataSource       : HikariPool-2 - Start completed.
2023-11-08 10:06:55.896  INFO 8219 --- [restartedMain] com.nineleaps.leaps.LeapsApplication     : Started LeapsApplication in 1.991 seconds (JVM running for 76.287)
2023-11-08 10:06:57.067  INFO 8219 --- [Thread-8] o.apache.catalina.core.StandardService   : Stopping service [Tomcat]
2023-11-08 10:06:57.078  INFO 8219 --- [Thread-8] com.zaxxer.hikari.HikariDataSource       : HikariPool-2 - Shutdown initiated...
2023-11-08 10:06:57.079  INFO 8219 --- [Thread-8] com.zaxxer.hikari.HikariDataSource       : HikariPool-2 - Shutdown completed.
2023-11-08 10:06:57.147  INFO 8219 --- [restartedMain] com.nineleaps.leaps.LeapsApplication     : Starting LeapsApplication using Java 20.0.2.1 on nineleaps-ThinkPad-L14-Gen-3 with PID 8219 (/home/nineleaps/Desktop/nineleaps/target/classes started by nineleaps in /home/nineleaps/Desktop/nineleaps)
2023-11-08 10:06:57.147  INFO 8219 --- [restartedMain] com.nineleaps.leaps.LeapsApplication     : The following 1 profile is active: "dev"
2023-11-08 10:06:57.334  INFO 8219 --- [restartedMain] o.apache.catalina.core.StandardService   : Starting service [Tomcat]
2023-11-08 10:06:57.334  INFO 8219 --- [restartedMain] org.apache.catalina.core.StandardEngine  : Starting Servlet engine: [Apache Tomcat/9.0.73]
2023-11-08 10:06:57.340  INFO 8219 --- [restartedMain] o.a.c.c.C.[Tomcat].[localhost].[/]       : Initializing Spring embedded WebApplicationContext
2023-11-08 10:06:57.384  INFO 8219 --- [restartedMain] com.zaxxer.hikari.HikariDataSource       : HikariPool-3 - Starting...
2023-11-08 10:06:57.386  INFO 8219 --- [restartedMain] com.zaxxer.hikari.HikariDataSource       : HikariPool-3 - Start completed.
2023-11-08 10:06:58.249  INFO 8219 --- [restartedMain] com.nineleaps.leaps.LeapsApplication     : Started LeapsApplication in 1.119 seconds (JVM running for 78.639)
2023-11-08 10:06:59.835  INFO 8219 --- [SpringApplicationShutdownHook] com.zaxxer.hikari.HikariDataSource       : HikariPool-3 - Shutdown initiated...
2023-11-08 10:06:59.837  INFO 8219 --- [SpringApplicationShutdownHook] com.zaxxer.hikari.HikariDataSource       : HikariPool-3 - Shutdown completed.
2023-11-08 10:07:01.309  INFO 8702 --- [restartedMain] com.nineleaps.leaps.LeapsApplication     : Starting LeapsApplication using Java 20.0.2.1 on nineleaps-ThinkPad-L14-Gen-3 with PID 8702 (/home/nineleaps/Desktop/nineleaps/target/classes started by nineleaps in /home/nineleaps/Desktop/nineleaps)
2023-11-08 10:07:01.310  INFO 8702 --- [restartedMain] com.nineleaps.leaps.LeapsApplication     : The following 1 profile is active: "dev"
2023-11-08 10:07:02.285  INFO 8702 --- [restartedMain] o.apache.catalina.core.StandardService   : Starting service [Tomcat]
2023-11-08 10:07:02.286  INFO 8702 --- [restartedMain] org.apache.catalina.core.StandardEngine  : Starting Servlet engine: [Apache Tomcat/9.0.73]
2023-11-08 10:07:02.321  INFO 8702 --- [restartedMain] o.a.c.c.C.[Tomcat].[localhost].[/]       : Initializing Spring embedded WebApplicationContext
2023-11-08 10:07:02.560  INFO 8702 --- [restartedMain] com.zaxxer.hikari.HikariDataSource       : HikariPool-1 - Starting...
2023-11-08 10:07:02.628  INFO 8702 --- [restartedMain] com.zaxxer.hikari.HikariDataSource       : HikariPool-1 - Start completed.
2023-11-08 10:07:03.870  INFO 8702 --- [restartedMain] c.n.l.s.implementation.FCMInitializer    : Firebase application has been initialized
2023-11-08 10:07:04.998  INFO 8702 --- [restartedMain] com.nineleaps.leaps.LeapsApplication     : Started LeapsApplication in 3.91 seconds (JVM running for 4.469)
2023-11-08 10:07:06.847  INFO 8702 --- [http-nio-8080-exec-1] o.a.c.c.C.[Tomcat].[localhost].[/]       : Initializing Spring DispatcherServlet 'dispatcherServlet'
2023-11-08 10:07:36.833  INFO 8702 --- [SpringApplicationShutdownHook] com.zaxxer.hikari.HikariDataSource       : HikariPool-1 - Shutdown initiated...
2023-11-08 10:07:36.838  INFO 8702 --- [SpringApplicationShutdownHook] com.zaxxer.hikari.HikariDataSource       : HikariPool-1 - Shutdown completed.
2023-11-08 10:07:39.336  INFO 8934 --- [restartedMain] com.nineleaps.leaps.LeapsApplication     : Starting LeapsApplication using Java 20.0.2.1 on nineleaps-ThinkPad-L14-Gen-3 with PID 8934 (/home/nineleaps/Desktop/nineleaps/target/classes started by nineleaps in /home/nineleaps/Desktop/nineleaps)
2023-11-08 10:07:39.337  INFO 8934 --- [restartedMain] com.nineleaps.leaps.LeapsApplication     : The following 1 profile is active: "dev"
2023-11-08 10:07:40.235  INFO 8934 --- [restartedMain] o.apache.catalina.core.StandardService   : Starting service [Tomcat]
2023-11-08 10:07:40.235  INFO 8934 --- [restartedMain] org.apache.catalina.core.StandardEngine  : Starting Servlet engine: [Apache Tomcat/9.0.73]
2023-11-08 10:07:40.265  INFO 8934 --- [restartedMain] o.a.c.c.C.[Tomcat].[localhost].[/]       : Initializing Spring embedded WebApplicationContext
2023-11-08 10:07:40.473  INFO 8934 --- [restartedMain] com.zaxxer.hikari.HikariDataSource       : HikariPool-1 - Starting...
2023-11-08 10:07:40.537  INFO 8934 --- [restartedMain] com.zaxxer.hikari.HikariDataSource       : HikariPool-1 - Start completed.
2023-11-08 10:07:41.667  INFO 8934 --- [restartedMain] c.n.l.s.implementation.FCMInitializer    : Firebase application has been initialized
2023-11-08 10:07:42.978  INFO 8934 --- [restartedMain] com.nineleaps.leaps.LeapsApplication     : Started LeapsApplication in 3.849 seconds (JVM running for 4.23)
2023-11-08 10:07:44.663  INFO 8934 --- [http-nio-8080-exec-1] o.a.c.c.C.[Tomcat].[localhost].[/]       : Initializing Spring DispatcherServlet 'dispatcherServlet'
2023-11-08 10:09:15.434  INFO 8934 --- [SpringApplicationShutdownHook] com.zaxxer.hikari.HikariDataSource       : HikariPool-1 - Shutdown initiated...
2023-11-08 10:09:15.438  INFO 8934 --- [SpringApplicationShutdownHook] com.zaxxer.hikari.HikariDataSource       : HikariPool-1 - Shutdown completed.
2023-11-08 10:09:18.152  INFO 9228 --- [restartedMain] com.nineleaps.leaps.LeapsApplication     : Starting LeapsApplication using Java 20.0.2.1 on nineleaps-ThinkPad-L14-Gen-3 with PID 9228 (/home/nineleaps/Desktop/nineleaps/target/classes started by nineleaps in /home/nineleaps/Desktop/nineleaps)
2023-11-08 10:09:18.153  INFO 9228 --- [restartedMain] com.nineleaps.leaps.LeapsApplication     : The following 1 profile is active: "dev"
2023-11-08 10:09:19.029  INFO 9228 --- [restartedMain] o.apache.catalina.core.StandardService   : Starting service [Tomcat]
2023-11-08 10:09:19.029  INFO 9228 --- [restartedMain] org.apache.catalina.core.StandardEngine  : Starting Servlet engine: [Apache Tomcat/9.0.73]
2023-11-08 10:09:19.060  INFO 9228 --- [restartedMain] o.a.c.c.C.[Tomcat].[localhost].[/]       : Initializing Spring embedded WebApplicationContext
2023-11-08 10:09:19.284  INFO 9228 --- [restartedMain] com.zaxxer.hikari.HikariDataSource       : HikariPool-1 - Starting...
2023-11-08 10:09:19.348  INFO 9228 --- [restartedMain] com.zaxxer.hikari.HikariDataSource       : HikariPool-1 - Start completed.
2023-11-08 10:09:20.397  INFO 9228 --- [restartedMain] c.n.l.s.implementation.FCMInitializer    : Firebase application has been initialized
2023-11-08 10:09:21.352  INFO 9228 --- [restartedMain] com.nineleaps.leaps.LeapsApplication     : Started LeapsApplication in 3.432 seconds (JVM running for 3.889)
2023-11-08 10:09:22.709  INFO 9228 --- [http-nio-8080-exec-2] o.a.c.c.C.[Tomcat].[localhost].[/]       : Initializing Spring DispatcherServlet 'dispatcherServlet'
2023-11-08 14:52:02.620  INFO 9228 --- [SpringApplicationShutdownHook] com.zaxxer.hikari.HikariDataSource       : HikariPool-1 - Shutdown initiated...
2023-11-08 14:52:02.622  INFO 9228 --- [SpringApplicationShutdownHook] com.zaxxer.hikari.HikariDataSource       : HikariPool-1 - Shutdown completed.
